[techsometimes.com/products/html/sunplus-html/index.html]
[backblue.gif]
[fade.gif]
[index.html]
[techsometimes.com/products/html/sunplus-html/assets/img/preview-template/preview-template.png]
[techsometimes.com/products/html/sunplus-html/assets/img/logo/favicon.svg]
[techsometimes.com/products/html/sunplus-html/assets/img/logo/icon.svg]
[techsometimes.com/products/html/sunplus-html/assets/all-icons/myicon.css]
[techsometimes.com/products/html/sunplus-html/assets/css/bootstrap.min.css]
[techsometimes.com/products/html/sunplus-html/assets/css/plugins.css]
[techsometimes.com/products/html/sunplus-html/assets/css/style.min.css]
[techsometimes.com/products/html/sunplus-html/assets/css/responsive.min.css]
[techsometimes.com/products/html/sunplus-html/index-2.html]
[techsometimes.com/products/html/sunplus-html/assets/img/logo/logo.svg]
[techsometimes.com/products/html/sunplus-html/index-3.html]
[techsometimes.com/products/html/sunplus-html/about-us.html]
[techsometimes.com/products/html/sunplus-html/service.html]
[techsometimes.com/products/html/sunplus-html/service-details.html]
[techsometimes.com/products/html/sunplus-html/project.html]
[techsometimes.com/products/html/sunplus-html/project-details.html]
[techsometimes.com/products/html/sunplus-html/blog.html]
[techsometimes.com/products/html/sunplus-html/blog-details.html]
[techsometimes.com/products/html/sunplus-html/contact.html]
[techsometimes.com/products/html/sunplus-html/assets/img/banner/v1/bg-img.jpg]
[techsometimes.com/products/html/sunplus-html/assets/img/about/v1/big-img.jpg]
[techsometimes.com/products/html/sunplus-html/assets/img/about/v1/small-img.jpg]
[techsometimes.com/products/html/sunplus-html/assets/img/service/v1/img-1.jpg]
[techsometimes.com/products/html/sunplus-html/assets/img/service/v1/img-2.jpg]
[techsometimes.com/products/html/sunplus-html/assets/img/service/v1/img-3.jpg]
[techsometimes.com/products/html/sunplus-html/assets/img/why-choose-us/v1/big-img.jpg]
[techsometimes.com/products/html/sunplus-html/assets/img/our-project/v1/bg-img.jpg]
[techsometimes.com/products/html/sunplus-html/assets/img/our-project/v1/project-1.jpg]
[techsometimes.com/products/html/sunplus-html/assets/img/our-project/v1/project-2.jpg]
[techsometimes.com/products/html/sunplus-html/assets/img/our-project/v1/project-3.jpg]
[techsometimes.com/products/html/sunplus-html/assets/img/our-project/v1/project-4.jpg]
[techsometimes.com/products/html/sunplus-html/assets/img/testimonial/v1/profile-1.png]
[techsometimes.com/products/html/sunplus-html/assets/img/testimonial/v1/profile-2.png]
[techsometimes.com/products/html/sunplus-html/assets/img/work-process/v1/sun-bg.svg]
[techsometimes.com/products/html/sunplus-html/assets/img/intro-video/v1/bg-img.jpg]
[techsometimes.com/products/html/sunplus-html/assets/img/our-trusted-partner/v1/logo-1.svg]
[techsometimes.com/products/html/sunplus-html/assets/img/our-trusted-partner/v1/logo-2.svg]
[techsometimes.com/products/html/sunplus-html/assets/img/our-trusted-partner/v1/logo-3.svg]
[techsometimes.com/products/html/sunplus-html/assets/img/our-trusted-partner/v1/logo-4.svg]
[techsometimes.com/products/html/sunplus-html/assets/img/our-trusted-partner/v1/logo-5.svg]
[techsometimes.com/products/html/sunplus-html/assets/img/news-blog/v1/blog-1.jpg]
[techsometimes.com/products/html/sunplus-html/assets/img/news-blog/v1/blog-2.jpg]
[techsometimes.com/products/html/sunplus-html/assets/img/news-blog/v1/blog-3.jpg]
[techsometimes.com/products/html/sunplus-html/assets/img/footer/v1/shap-1.svg]
[techsometimes.com/products/html/sunplus-html/assets/js/jquery-3.7.1.min.js]
[techsometimes.com/products/html/sunplus-html/assets/js/bootstrap.min.js]
[techsometimes.com/products/html/sunplus-html/assets/js/plugins.js]
[techsometimes.com/products/html/sunplus-html/index.html]
[techsometimes.com/products/html/sunplus-html/assets/img/logo/favicon.svg]
[techsometimes.com/products/html/sunplus-html/assets/img/logo/icon.svg]
[techsometimes.com/products/html/sunplus-html/assets/js/index.min.js]
[techsometimes.com/products/html/sunplus-html/assets/all-icons/icomoon28a0.eot]
[techsometimes.com/products/html/sunplus-html/assets/all-icons/icomoon28a0.ttf]
[techsometimes.com/products/html/sunplus-html/assets/all-icons/icomoon28a0.woff]
[techsometimes.com/products/html/sunplus-html/assets/all-icons/myicon.css]
[techsometimes.com/products/html/sunplus-html/assets/css/bootstrap.min.css]
[techsometimes.com/products/html/sunplus-html/assets/css/plugins.css]
[techsometimes.com/products/html/sunplus-html/assets/css/style.min.css]
[techsometimes.com/products/html/sunplus-html/assets/css/responsive.min.css]
[techsometimes.com/products/html/sunplus-html/index-2.html]
[techsometimes.com/products/html/sunplus-html/assets/img/logo/logo.svg]
[techsometimes.com/products/html/sunplus-html/assets/all-icons/icomoon28a0.svg]
[techsometimes.com/products/html/sunplus-html/assets/img/banner/v2/bg-img.jpg]
[techsometimes.com/products/html/sunplus-html/assets/img/about/v2/profile-img.png]
[techsometimes.com/products/html/sunplus-html/assets/img/about/v2/big-img.jpg]
[techsometimes.com/products/html/sunplus-html/assets/img/about/v2/small-img.jpg]
[techsometimes.com/products/html/sunplus-html/assets/img/fun-facts/v3/bg-img.jpg]
[techsometimes.com/products/html/sunplus-html/assets/img/why-choose-us/v2/big-img.jpg]
[techsometimes.com/products/html/sunplus-html/assets/img/why-choose-us/v2/small-img.jpg]
[techsometimes.com/products/html/sunplus-html/assets/img/our-project/v2/project-1.jpg]
[techsometimes.com/products/html/sunplus-html/assets/img/our-project/v2/project-2.jpg]
[techsometimes.com/products/html/sunplus-html/assets/img/our-project/v2/project-3.jpg]
[techsometimes.com/products/html/sunplus-html/assets/img/our-project/v2/project-5.jpg]
[techsometimes.com/products/html/sunplus-html/assets/img/our-project/v2/project-4.jpg]
[techsometimes.com/products/html/sunplus-html/assets/img/our-project/v2/shap-1.svg]
[techsometimes.com/products/html/sunplus-html/assets/img/contact-us/v1/bg-img.jpg]
[techsometimes.com/products/html/sunplus-html/assets/img/work-process/v2/card-img-1.jpg]
[techsometimes.com/products/html/sunplus-html/assets/img/work-process/v2/card-img-2.jpg]
[techsometimes.com/products/html/sunplus-html/assets/img/work-process/v2/card-img-3.jpg]
[techsometimes.com/products/html/sunplus-html/assets/img/our-trusted-partner/v2/logo-1.svg]
[techsometimes.com/products/html/sunplus-html/assets/img/our-trusted-partner/v2/logo-2.svg]
[techsometimes.com/products/html/sunplus-html/assets/img/our-trusted-partner/v2/logo-3.svg]
[techsometimes.com/products/html/sunplus-html/assets/img/our-trusted-partner/v2/logo-4.svg]
[techsometimes.com/products/html/sunplus-html/assets/img/our-trusted-partner/v2/logo-5.svg]
[techsometimes.com/products/html/sunplus-html/assets/img/news-blog/v2/blog-1.jpg]
[techsometimes.com/products/html/sunplus-html/assets/img/news-blog/v2/blog-2.jpg]
[techsometimes.com/products/html/sunplus-html/assets/img/news-blog/v2/blog-3.jpg]
[techsometimes.com/products/html/sunplus-html/assets/img/logo/logo-2.svg]
[techsometimes.com/products/html/sunplus-html/index-3.html]
[techsometimes.com/products/html/sunplus-html/assets/img/footer/v2/shap-1.svg]
[techsometimes.com/products/html/sunplus-html/assets/img/breadcum/v1/bg.jpg]
[techsometimes.com/products/html/sunplus-html/about-us.html]
[techsometimes.com/products/html/sunplus-html/service.html]
[techsometimes.com/products/html/sunplus-html/assets/img/services-details/v1/big-img.jpg]
[techsometimes.com/products/html/sunplus-html/assets/img/services-details/v1/big-img-2.jpg]
[techsometimes.com/products/html/sunplus-html/assets/img/services-details/v1/small-img.jpg]
[techsometimes.com/products/html/sunplus-html/service-details.html]
[techsometimes.com/products/html/sunplus-html/assets/img/our-project/v3/project-1.jpg]
[techsometimes.com/products/html/sunplus-html/assets/img/our-project/v3/project-2.jpg]
[techsometimes.com/products/html/sunplus-html/assets/img/our-project/v3/project-3.jpg]
[techsometimes.com/products/html/sunplus-html/assets/img/our-project/v3/project-4.jpg]
[techsometimes.com/products/html/sunplus-html/assets/img/our-project/v3/project-5.jpg]
[techsometimes.com/products/html/sunplus-html/assets/img/our-project/v3/project-6.jpg]
[techsometimes.com/products/html/sunplus-html/project.html]
[techsometimes.com/products/html/sunplus-html/assets/img/project-details/v1/big-img.jpg]
[techsometimes.com/products/html/sunplus-html/assets/img/project-details/v1/small-img.jpg]
[techsometimes.com/products/html/sunplus-html/project-details.html]
[techsometimes.com/products/html/sunplus-html/assets/img/latest-blogs-w/post-1.jpg]
[techsometimes.com/products/html/sunplus-html/assets/img/latest-blogs-w/post-2.jpg]
[techsometimes.com/products/html/sunplus-html/assets/img/latest-blogs-w/post-3.jpg]
[techsometimes.com/products/html/sunplus-html/assets/img/blog-post/v1/post-1.jpg]
[techsometimes.com/products/html/sunplus-html/assets/img/blog-post/v1/post-2.jpg]
[techsometimes.com/products/html/sunplus-html/assets/img/blog-post/v1/post-3.jpg]
[techsometimes.com/products/html/sunplus-html/blog.html]
[techsometimes.com/products/html/sunplus-html/assets/img/blog-post/v1/post-4.jpg]
[techsometimes.com/products/html/sunplus-html/assets/img/blog-post/v1/small-post-1.jpg]
[techsometimes.com/products/html/sunplus-html/assets/img/blog-post/v1/small-post-2.jpg]
[techsometimes.com/products/html/sunplus-html/assets/img/blog-details/v1/profile-img-3.png]
[techsometimes.com/products/html/sunplus-html/assets/img/blog-details/v1/profile-img-1.png]
[techsometimes.com/products/html/sunplus-html/assets/img/blog-details/v1/profile-img-4.png]
[techsometimes.com/products/html/sunplus-html/assets/img/blog-details/v1/profile-img-2.png]
[techsometimes.com/products/html/sunplus-html/blog-details.html]
[techsometimes.com/products/html/sunplus-html/contact.html]
[techsometimes.com/products/html/sunplus-html/assets/img/work-process/v1/sun-bg.svg]
[techsometimes.com/products/html/sunplus-html/assets/img/our-trusted-partner/v1/logo-1.svg]
[techsometimes.com/products/html/sunplus-html/assets/img/our-trusted-partner/v1/logo-2.svg]
[techsometimes.com/products/html/sunplus-html/assets/img/our-trusted-partner/v1/logo-3.svg]
[techsometimes.com/products/html/sunplus-html/assets/img/our-trusted-partner/v1/logo-4.svg]
[techsometimes.com/products/html/sunplus-html/assets/img/our-trusted-partner/v1/logo-5.svg]
[techsometimes.com/products/html/sunplus-html/assets/img/footer/v1/shap-1.svg]
[techsometimes.com/products/html/sunplus-html/assets/all-icons/icomoon28a0.svg]
[techsometimes.com/products/html/sunplus-html/assets/img/our-project/v2/shap-1.svg]
[techsometimes.com/products/html/sunplus-html/assets/img/our-trusted-partner/v2/logo-1.svg]
[techsometimes.com/products/html/sunplus-html/assets/img/our-trusted-partner/v2/logo-2.svg]
[techsometimes.com/products/html/sunplus-html/assets/img/our-trusted-partner/v2/logo-3.svg]
[techsometimes.com/products/html/sunplus-html/assets/img/our-trusted-partner/v2/logo-4.svg]
[techsometimes.com/products/html/sunplus-html/assets/img/our-trusted-partner/v2/logo-5.svg]
[techsometimes.com/products/html/sunplus-html/assets/img/logo/logo-2.svg]
[techsometimes.com/products/html/sunplus-html/assets/img/footer/v2/shap-1.svg]
[techsometimes.com/products/html/sunplus-html/assets/img/blog-details/v1/profile-img-3.html]
[techsometimes.com/products/html/sunplus-html/assets/img/blog-details/v1/profile-img-1.html]
[techsometimes.com/products/html/sunplus-html/assets/img/blog-details/v1/profile-img-4.html]
[techsometimes.com/products/html/sunplus-html/assets/img/blog-details/v1/profile-img-2.html]
